2023-12-03 22:44:09,467 INFO  [Log] ****************           -S-T-A-R-T-Add file and photo       **************** 
2023-12-03 22:50:56,721 INFO  [Log] ****************           -S-T-A-R-T-Add file and photo       **************** 
2023-12-03 22:52:51,514 INFO  [Log] ****************           -S-T-A-R-T-Add file and photo       **************** 
2023-12-03 22:58:14,317 INFO  [Log] ****************           -S-T-A-R-T-Add file and photo       **************** 
2023-12-03 23:10:40,929 INFO  [Log] ****************           -S-T-A-R-T-Add file and photo       **************** 
2023-12-03 23:11:18,168 INFO  [Log] ****************           -S-T-A-R-T-Add file and photo       **************** 
2023-12-03 23:29:11,250 INFO  [Log] ****************           -S-T-A-R-T-Login valid       **************** 
2023-12-03 23:29:15,235 INFO  [Log] Successfully Logged 
2023-12-03 23:29:15,235 INFO  [Log] ***************             -E---N---D-Login valid         *************** 
2023-12-03 23:29:17,960 INFO  [Log] ****************           -S-T-A-R-T-Add file and photo       **************** 
2023-12-03 23:29:26,802 INFO  [Log] ****************           -S-T-A-R-T-click on links and check the pages       **************** 
2023-12-03 23:29:30,533 INFO  [Log] Login History ~ Salesforce - Developer Edition 
2023-12-03 23:29:37,012 INFO  [Log] Successfully Logged 
2023-12-03 23:29:37,013 INFO  [Log] ***************             -E---N---D-click on links and check the pages         *************** 
2023-12-03 23:29:39,554 INFO  [Log] ****************           -S-T-A-R-T-Developer console browser       **************** 
2023-12-03 23:29:45,751 INFO  [Log] Successfully Logged 
2023-12-03 23:29:45,751 INFO  [Log] ***************             -E---N---D-Devloper console browser         *************** 
2023-12-03 23:29:48,480 INFO  [Log] ****************           -S-T-A-R-T-Logout Option       **************** 
2023-12-03 23:29:52,869 INFO  [Log] Successfully Logged 
2023-12-03 23:29:52,870 INFO  [Log] ***************             -E---N---D-Logout Option         *************** 
2023-12-03 23:29:52,874 INFO  [Log] Login | Salesforce 
2023-12-03 23:29:52,874 INFO  [Log] ***************             -E---N---D-Logout Option         *************** 
2023-12-03 23:44:06,724 INFO  [Log] ****************           -S-T-A-R-T-Add file and photo       **************** 
2023-12-03 23:45:05,277 INFO  [Log] ****************           -S-T-A-R-T-Add file and photo       **************** 
2023-12-04 10:07:21,803 INFO  [Log] ****************           -S-T-A-R-T-Add file and photo       **************** 
2023-12-04 10:11:18,978 INFO  [Log] ****************           -S-T-A-R-T-Add file and photo       **************** 
2023-12-04 10:23:37,619 INFO  [Log] ****************           -S-T-A-R-T-Add file and photo       **************** 
2023-12-10 00:28:20,074 INFO  [Log] ****************           -S-T-A-R-T-Add file and photo       **************** 
2023-12-10 00:32:52,182 INFO  [Log] ****************           -S-T-A-R-T-Add file and photo       **************** 
2023-12-10 00:35:27,898 INFO  [Log] ****************           -S-T-A-R-T-Add file and photo       **************** 
2023-12-10 00:36:46,785 INFO  [Log] ****************           -S-T-A-R-T-Add file and photo       **************** 
2023-12-10 00:38:16,427 INFO  [Log] ****************           -S-T-A-R-T-Add file and photo       **************** 
2023-12-10 00:39:22,869 INFO  [Log] ****************           -S-T-A-R-T-Add file and photo       **************** 
2023-12-10 00:39:59,199 INFO  [Log] Successfully Logged 
2023-12-10 00:39:59,199 INFO  [Log] ***************             -E---N---D-Add file and photo         *************** 
2023-12-10 00:42:51,271 INFO  [Log] ****************           -S-T-A-R-T-Login valid       **************** 
2023-12-10 00:42:57,325 INFO  [Log] Successfully Logged 
2023-12-10 00:42:57,325 INFO  [Log] ***************             -E---N---D-Login valid         *************** 
2023-12-10 00:43:00,019 INFO  [Log] ****************           -S-T-A-R-T-Add file and photo       **************** 
2023-12-10 00:43:37,391 INFO  [Log] Successfully Logged 
2023-12-10 00:43:37,391 INFO  [Log] ***************             -E---N---D-Add file and photo         *************** 
2023-12-10 00:43:39,900 INFO  [Log] ****************           -S-T-A-R-T-click on links and check the pages       **************** 
2023-12-10 00:43:46,701 INFO  [Log] Login History ~ Salesforce - Developer Edition 
2023-12-10 00:43:56,229 INFO  [Log] Successfully Logged 
2023-12-10 00:43:56,230 INFO  [Log] ***************             -E---N---D-click on links and check the pages         *************** 
2023-12-10 00:43:58,803 INFO  [Log] ****************           -S-T-A-R-T-Developer console browser       **************** 
2023-12-10 00:44:05,626 INFO  [Log] Successfully Logged 
2023-12-10 00:44:05,627 INFO  [Log] ***************             -E---N---D-Devloper console browser         *************** 
2023-12-10 00:44:08,143 INFO  [Log] ****************           -S-T-A-R-T-Logout Option       **************** 
2023-12-10 00:44:14,839 INFO  [Log] Successfully Logged 
2023-12-10 00:44:14,839 INFO  [Log] ***************             -E---N---D-Logout Option         *************** 
2023-12-10 00:44:14,873 INFO  [Log] Login | Salesforce 
2023-12-10 00:44:14,873 INFO  [Log] ***************             -E---N---D-Logout Option         *************** 
2023-12-10 00:44:15,417 DEBUG [cache] Couldn't find template in cache for "extent.ftl"("en_IN", UTF-8, parsed); will try to load it. 
2023-12-10 00:44:15,418 DEBUG [cache] TemplateLoader.findTemplateSource("extent_en_IN.ftl"): Not found 
2023-12-10 00:44:15,419 DEBUG [cache] TemplateLoader.findTemplateSource("extent_en.ftl"): Not found 
2023-12-10 00:44:15,420 DEBUG [cache] TemplateLoader.findTemplateSource("extent.ftl"): Found 
2023-12-10 00:44:15,421 DEBUG [cache] Loading template for "extent.ftl"("en_IN", UTF-8, parsed) from "jar:file:/Users/lpg/.m2/repository/com/aventstack/extentreports/3.0.0/extentreports-3.0.0.jar!/com/aventstack/extentreports/view/extent.ftl" 
2023-12-10 00:44:15,547 DEBUG [cache] Couldn't find template in cache for "head.ftl"("en_IN", UTF-8, parsed); will try to load it. 
2023-12-10 00:44:15,548 DEBUG [cache] TemplateLoader.findTemplateSource("head_en_IN.ftl"): Not found 
2023-12-10 00:44:15,548 DEBUG [cache] TemplateLoader.findTemplateSource("head_en.ftl"): Not found 
2023-12-10 00:44:15,549 DEBUG [cache] TemplateLoader.findTemplateSource("head.ftl"): Found 
2023-12-10 00:44:15,549 DEBUG [cache] Loading template for "head.ftl"("en_IN", UTF-8, parsed) from "jar:file:/Users/lpg/.m2/repository/com/aventstack/extentreports/3.0.0/extentreports-3.0.0.jar!/com/aventstack/extentreports/view/head.ftl" 
2023-12-10 00:44:15,551 DEBUG [cache] Couldn't find template in cache for "nav.ftl"("en_IN", UTF-8, parsed); will try to load it. 
2023-12-10 00:44:15,552 DEBUG [cache] TemplateLoader.findTemplateSource("nav_en_IN.ftl"): Not found 
2023-12-10 00:44:15,552 DEBUG [cache] TemplateLoader.findTemplateSource("nav_en.ftl"): Not found 
2023-12-10 00:44:15,553 DEBUG [cache] TemplateLoader.findTemplateSource("nav.ftl"): Found 
2023-12-10 00:44:15,553 DEBUG [cache] Loading template for "nav.ftl"("en_IN", UTF-8, parsed) from "jar:file:/Users/lpg/.m2/repository/com/aventstack/extentreports/3.0.0/extentreports-3.0.0.jar!/com/aventstack/extentreports/view/nav.ftl" 
2023-12-10 00:44:15,557 DEBUG [cache] Couldn't find template in cache for "test-view/test-view.ftl"("en_IN", UTF-8, parsed); will try to load it. 
2023-12-10 00:44:15,557 DEBUG [cache] TemplateLoader.findTemplateSource("test-view/test-view_en_IN.ftl"): Not found 
2023-12-10 00:44:15,558 DEBUG [cache] TemplateLoader.findTemplateSource("test-view/test-view_en.ftl"): Not found 
2023-12-10 00:44:15,558 DEBUG [cache] TemplateLoader.findTemplateSource("test-view/test-view.ftl"): Found 
2023-12-10 00:44:15,558 DEBUG [cache] Loading template for "test-view/test-view.ftl"("en_IN", UTF-8, parsed) from "jar:file:/Users/lpg/.m2/repository/com/aventstack/extentreports/3.0.0/extentreports-3.0.0.jar!/com/aventstack/extentreports/view/test-view/test-view.ftl" 
2023-12-10 00:44:15,575 DEBUG [cache] Couldn't find template in cache for "test-view/standard.ftl"("en_IN", UTF-8, parsed); will try to load it. 
2023-12-10 00:44:15,576 DEBUG [cache] TemplateLoader.findTemplateSource("test-view/standard_en_IN.ftl"): Not found 
2023-12-10 00:44:15,576 DEBUG [cache] TemplateLoader.findTemplateSource("test-view/standard_en.ftl"): Not found 
2023-12-10 00:44:15,577 DEBUG [cache] TemplateLoader.findTemplateSource("test-view/standard.ftl"): Found 
2023-12-10 00:44:15,577 DEBUG [cache] Loading template for "test-view/standard.ftl"("en_IN", UTF-8, parsed) from "jar:file:/Users/lpg/.m2/repository/com/aventstack/extentreports/3.0.0/extentreports-3.0.0.jar!/com/aventstack/extentreports/view/test-view/standard.ftl" 
2023-12-10 00:44:15,587 DEBUG [cache] "test-view/standard.ftl"("en_IN", UTF-8, parsed) cached copy not yet stale; using cached. 
2023-12-10 00:44:15,589 DEBUG [cache] "test-view/standard.ftl"("en_IN", UTF-8, parsed) cached copy not yet stale; using cached. 
2023-12-10 00:44:15,590 DEBUG [cache] "test-view/standard.ftl"("en_IN", UTF-8, parsed) cached copy not yet stale; using cached. 
2023-12-10 00:44:15,592 DEBUG [cache] "test-view/standard.ftl"("en_IN", UTF-8, parsed) cached copy not yet stale; using cached. 
2023-12-10 00:44:15,593 DEBUG [cache] Couldn't find template in cache for "test-view/test-view-charts.ftl"("en_IN", UTF-8, parsed); will try to load it. 
2023-12-10 00:44:15,593 DEBUG [cache] TemplateLoader.findTemplateSource("test-view/test-view-charts_en_IN.ftl"): Not found 
2023-12-10 00:44:15,593 DEBUG [cache] TemplateLoader.findTemplateSource("test-view/test-view-charts_en.ftl"): Not found 
2023-12-10 00:44:15,594 DEBUG [cache] TemplateLoader.findTemplateSource("test-view/test-view-charts.ftl"): Found 
2023-12-10 00:44:15,594 DEBUG [cache] Loading template for "test-view/test-view-charts.ftl"("en_IN", UTF-8, parsed) from "jar:file:/Users/lpg/.m2/repository/com/aventstack/extentreports/3.0.0/extentreports-3.0.0.jar!/com/aventstack/extentreports/view/test-view/test-view-charts.ftl" 
2023-12-10 00:44:15,597 DEBUG [cache] Couldn't find template in cache for "category-view/category-view.ftl"("en_IN", UTF-8, parsed); will try to load it. 
2023-12-10 00:44:15,598 DEBUG [cache] TemplateLoader.findTemplateSource("category-view/category-view_en_IN.ftl"): Not found 
2023-12-10 00:44:15,598 DEBUG [cache] TemplateLoader.findTemplateSource("category-view/category-view_en.ftl"): Not found 
2023-12-10 00:44:15,598 DEBUG [cache] TemplateLoader.findTemplateSource("category-view/category-view.ftl"): Found 
2023-12-10 00:44:15,599 DEBUG [cache] Loading template for "category-view/category-view.ftl"("en_IN", UTF-8, parsed) from "jar:file:/Users/lpg/.m2/repository/com/aventstack/extentreports/3.0.0/extentreports-3.0.0.jar!/com/aventstack/extentreports/view/category-view/category-view.ftl" 
2023-12-10 00:44:15,602 DEBUG [cache] Couldn't find template in cache for "exception-view/exception-view.ftl"("en_IN", UTF-8, parsed); will try to load it. 
2023-12-10 00:44:15,602 DEBUG [cache] TemplateLoader.findTemplateSource("exception-view/exception-view_en_IN.ftl"): Not found 
2023-12-10 00:44:15,603 DEBUG [cache] TemplateLoader.findTemplateSource("exception-view/exception-view_en.ftl"): Not found 
2023-12-10 00:44:15,603 DEBUG [cache] TemplateLoader.findTemplateSource("exception-view/exception-view.ftl"): Found 
2023-12-10 00:44:15,603 DEBUG [cache] Loading template for "exception-view/exception-view.ftl"("en_IN", UTF-8, parsed) from "jar:file:/Users/lpg/.m2/repository/com/aventstack/extentreports/3.0.0/extentreports-3.0.0.jar!/com/aventstack/extentreports/view/exception-view/exception-view.ftl" 
2023-12-10 00:44:15,605 DEBUG [cache] Couldn't find template in cache for "dashboard-view/dashboard-view.ftl"("en_IN", UTF-8, parsed); will try to load it. 
2023-12-10 00:44:15,606 DEBUG [cache] TemplateLoader.findTemplateSource("dashboard-view/dashboard-view_en_IN.ftl"): Not found 
2023-12-10 00:44:15,606 DEBUG [cache] TemplateLoader.findTemplateSource("dashboard-view/dashboard-view_en.ftl"): Not found 
2023-12-10 00:44:15,607 DEBUG [cache] TemplateLoader.findTemplateSource("dashboard-view/dashboard-view.ftl"): Found 
2023-12-10 00:44:15,607 DEBUG [cache] Loading template for "dashboard-view/dashboard-view.ftl"("en_IN", UTF-8, parsed) from "jar:file:/Users/lpg/.m2/repository/com/aventstack/extentreports/3.0.0/extentreports-3.0.0.jar!/com/aventstack/extentreports/view/dashboard-view/dashboard-view.ftl" 
2023-12-10 00:44:15,613 DEBUG [cache] Couldn't find template in cache for "logs-view/testrunner-logs-view.ftl"("en_IN", UTF-8, parsed); will try to load it. 
2023-12-10 00:44:15,613 DEBUG [cache] TemplateLoader.findTemplateSource("logs-view/testrunner-logs-view_en_IN.ftl"): Not found 
2023-12-10 00:44:15,613 DEBUG [cache] TemplateLoader.findTemplateSource("logs-view/testrunner-logs-view_en.ftl"): Not found 
2023-12-10 00:44:15,614 DEBUG [cache] TemplateLoader.findTemplateSource("logs-view/testrunner-logs-view.ftl"): Found 
2023-12-10 00:44:15,614 DEBUG [cache] Loading template for "logs-view/testrunner-logs-view.ftl"("en_IN", UTF-8, parsed) from "jar:file:/Users/lpg/.m2/repository/com/aventstack/extentreports/3.0.0/extentreports-3.0.0.jar!/com/aventstack/extentreports/view/logs-view/testrunner-logs-view.ftl" 
2023-12-10 00:44:15,619 DEBUG [cache] Couldn't find template in cache for "extent.ftl"("en_IN", UTF-8, parsed); will try to load it. 
2023-12-10 00:44:15,620 DEBUG [cache] TemplateLoader.findTemplateSource("extent_en_IN.ftl"): Not found 
2023-12-10 00:44:15,620 DEBUG [cache] TemplateLoader.findTemplateSource("extent_en.ftl"): Not found 
2023-12-10 00:44:15,620 DEBUG [cache] TemplateLoader.findTemplateSource("extent.ftl"): Found 
2023-12-10 00:44:15,621 DEBUG [cache] Loading template for "extent.ftl"("en_IN", UTF-8, parsed) from "jar:file:/Users/lpg/.m2/repository/com/aventstack/extentreports/3.0.0/extentreports-3.0.0.jar!/com/aventstack/extentreports/view/extent.ftl" 
2023-12-10 00:44:15,624 DEBUG [cache] Couldn't find template in cache for "head.ftl"("en_IN", UTF-8, parsed); will try to load it. 
2023-12-10 00:44:15,624 DEBUG [cache] TemplateLoader.findTemplateSource("head_en_IN.ftl"): Not found 
2023-12-10 00:44:15,625 DEBUG [cache] TemplateLoader.findTemplateSource("head_en.ftl"): Not found 
2023-12-10 00:44:15,625 DEBUG [cache] TemplateLoader.findTemplateSource("head.ftl"): Found 
2023-12-10 00:44:15,625 DEBUG [cache] Loading template for "head.ftl"("en_IN", UTF-8, parsed) from "jar:file:/Users/lpg/.m2/repository/com/aventstack/extentreports/3.0.0/extentreports-3.0.0.jar!/com/aventstack/extentreports/view/head.ftl" 
2023-12-10 00:44:15,627 DEBUG [cache] Couldn't find template in cache for "nav.ftl"("en_IN", UTF-8, parsed); will try to load it. 
2023-12-10 00:44:15,627 DEBUG [cache] TemplateLoader.findTemplateSource("nav_en_IN.ftl"): Not found 
2023-12-10 00:44:15,627 DEBUG [cache] TemplateLoader.findTemplateSource("nav_en.ftl"): Not found 
2023-12-10 00:44:15,628 DEBUG [cache] TemplateLoader.findTemplateSource("nav.ftl"): Found 
2023-12-10 00:44:15,628 DEBUG [cache] Loading template for "nav.ftl"("en_IN", UTF-8, parsed) from "jar:file:/Users/lpg/.m2/repository/com/aventstack/extentreports/3.0.0/extentreports-3.0.0.jar!/com/aventstack/extentreports/view/nav.ftl" 
2023-12-10 00:44:15,630 DEBUG [cache] Couldn't find template in cache for "test-view/test-view.ftl"("en_IN", UTF-8, parsed); will try to load it. 
2023-12-10 00:44:15,630 DEBUG [cache] TemplateLoader.findTemplateSource("test-view/test-view_en_IN.ftl"): Not found 
2023-12-10 00:44:15,630 DEBUG [cache] TemplateLoader.findTemplateSource("test-view/test-view_en.ftl"): Not found 
2023-12-10 00:44:15,630 DEBUG [cache] TemplateLoader.findTemplateSource("test-view/test-view.ftl"): Found 
2023-12-10 00:44:15,631 DEBUG [cache] Loading template for "test-view/test-view.ftl"("en_IN", UTF-8, parsed) from "jar:file:/Users/lpg/.m2/repository/com/aventstack/extentreports/3.0.0/extentreports-3.0.0.jar!/com/aventstack/extentreports/view/test-view/test-view.ftl" 
2023-12-10 00:44:15,636 DEBUG [cache] Couldn't find template in cache for "test-view/standard.ftl"("en_IN", UTF-8, parsed); will try to load it. 
2023-12-10 00:44:15,636 DEBUG [cache] TemplateLoader.findTemplateSource("test-view/standard_en_IN.ftl"): Not found 
2023-12-10 00:44:15,636 DEBUG [cache] TemplateLoader.findTemplateSource("test-view/standard_en.ftl"): Not found 
2023-12-10 00:44:15,637 DEBUG [cache] TemplateLoader.findTemplateSource("test-view/standard.ftl"): Found 
2023-12-10 00:44:15,637 DEBUG [cache] Loading template for "test-view/standard.ftl"("en_IN", UTF-8, parsed) from "jar:file:/Users/lpg/.m2/repository/com/aventstack/extentreports/3.0.0/extentreports-3.0.0.jar!/com/aventstack/extentreports/view/test-view/standard.ftl" 
2023-12-10 00:44:15,641 DEBUG [cache] "test-view/standard.ftl"("en_IN", UTF-8, parsed) cached copy not yet stale; using cached. 
2023-12-10 00:44:15,642 DEBUG [cache] "test-view/standard.ftl"("en_IN", UTF-8, parsed) cached copy not yet stale; using cached. 
2023-12-10 00:44:15,644 DEBUG [cache] "test-view/standard.ftl"("en_IN", UTF-8, parsed) cached copy not yet stale; using cached. 
2023-12-10 00:44:15,645 DEBUG [cache] "test-view/standard.ftl"("en_IN", UTF-8, parsed) cached copy not yet stale; using cached. 
2023-12-10 00:44:15,646 DEBUG [cache] Couldn't find template in cache for "test-view/test-view-charts.ftl"("en_IN", UTF-8, parsed); will try to load it. 
2023-12-10 00:44:15,647 DEBUG [cache] TemplateLoader.findTemplateSource("test-view/test-view-charts_en_IN.ftl"): Not found 
2023-12-10 00:44:15,647 DEBUG [cache] TemplateLoader.findTemplateSource("test-view/test-view-charts_en.ftl"): Not found 
2023-12-10 00:44:15,647 DEBUG [cache] TemplateLoader.findTemplateSource("test-view/test-view-charts.ftl"): Found 
2023-12-10 00:44:15,647 DEBUG [cache] Loading template for "test-view/test-view-charts.ftl"("en_IN", UTF-8, parsed) from "jar:file:/Users/lpg/.m2/repository/com/aventstack/extentreports/3.0.0/extentreports-3.0.0.jar!/com/aventstack/extentreports/view/test-view/test-view-charts.ftl" 
2023-12-10 00:44:15,651 DEBUG [cache] Couldn't find template in cache for "category-view/category-view.ftl"("en_IN", UTF-8, parsed); will try to load it. 
2023-12-10 00:44:15,651 DEBUG [cache] TemplateLoader.findTemplateSource("category-view/category-view_en_IN.ftl"): Not found 
2023-12-10 00:44:15,651 DEBUG [cache] TemplateLoader.findTemplateSource("category-view/category-view_en.ftl"): Not found 
2023-12-10 00:44:15,651 DEBUG [cache] TemplateLoader.findTemplateSource("category-view/category-view.ftl"): Found 
2023-12-10 00:44:15,652 DEBUG [cache] Loading template for "category-view/category-view.ftl"("en_IN", UTF-8, parsed) from "jar:file:/Users/lpg/.m2/repository/com/aventstack/extentreports/3.0.0/extentreports-3.0.0.jar!/com/aventstack/extentreports/view/category-view/category-view.ftl" 
2023-12-10 00:44:15,655 DEBUG [cache] Couldn't find template in cache for "exception-view/exception-view.ftl"("en_IN", UTF-8, parsed); will try to load it. 
2023-12-10 00:44:15,655 DEBUG [cache] TemplateLoader.findTemplateSource("exception-view/exception-view_en_IN.ftl"): Not found 
2023-12-10 00:44:15,656 DEBUG [cache] TemplateLoader.findTemplateSource("exception-view/exception-view_en.ftl"): Not found 
2023-12-10 00:44:15,656 DEBUG [cache] TemplateLoader.findTemplateSource("exception-view/exception-view.ftl"): Found 
2023-12-10 00:44:15,656 DEBUG [cache] Loading template for "exception-view/exception-view.ftl"("en_IN", UTF-8, parsed) from "jar:file:/Users/lpg/.m2/repository/com/aventstack/extentreports/3.0.0/extentreports-3.0.0.jar!/com/aventstack/extentreports/view/exception-view/exception-view.ftl" 
2023-12-10 00:44:15,658 DEBUG [cache] Couldn't find template in cache for "dashboard-view/dashboard-view.ftl"("en_IN", UTF-8, parsed); will try to load it. 
2023-12-10 00:44:15,659 DEBUG [cache] TemplateLoader.findTemplateSource("dashboard-view/dashboard-view_en_IN.ftl"): Not found 
2023-12-10 00:44:15,659 DEBUG [cache] TemplateLoader.findTemplateSource("dashboard-view/dashboard-view_en.ftl"): Not found 
2023-12-10 00:44:15,659 DEBUG [cache] TemplateLoader.findTemplateSource("dashboard-view/dashboard-view.ftl"): Found 
2023-12-10 00:44:15,659 DEBUG [cache] Loading template for "dashboard-view/dashboard-view.ftl"("en_IN", UTF-8, parsed) from "jar:file:/Users/lpg/.m2/repository/com/aventstack/extentreports/3.0.0/extentreports-3.0.0.jar!/com/aventstack/extentreports/view/dashboard-view/dashboard-view.ftl" 
2023-12-10 00:44:15,662 DEBUG [cache] Couldn't find template in cache for "logs-view/testrunner-logs-view.ftl"("en_IN", UTF-8, parsed); will try to load it. 
2023-12-10 00:44:15,663 DEBUG [cache] TemplateLoader.findTemplateSource("logs-view/testrunner-logs-view_en_IN.ftl"): Not found 
2023-12-10 00:44:15,663 DEBUG [cache] TemplateLoader.findTemplateSource("logs-view/testrunner-logs-view_en.ftl"): Not found 
2023-12-10 00:44:15,663 DEBUG [cache] TemplateLoader.findTemplateSource("logs-view/testrunner-logs-view.ftl"): Found 
2023-12-10 00:44:15,663 DEBUG [cache] Loading template for "logs-view/testrunner-logs-view.ftl"("en_IN", UTF-8, parsed) from "jar:file:/Users/lpg/.m2/repository/com/aventstack/extentreports/3.0.0/extentreports-3.0.0.jar!/com/aventstack/extentreports/view/logs-view/testrunner-logs-view.ftl" 
2023-12-17 00:45:39,931 INFO  [Log] ****************           -S-T-A-R-T-Add file and photo       **************** 
2023-12-17 00:46:24,794 INFO  [Log] Successfully Logged 
2023-12-17 00:46:24,795 INFO  [Log] ***************             -E---N---D-Add file and photo         *************** 
